2024-11-26 10:45:22,074 - INFO - Conexão bem-sucedida!
2024-11-26 10:45:22,346 - INFO - Saldo atualizado: R$ 9991.76
2024-11-26 10:45:22,346 - INFO - Saldo atualizado: R$ 9991.76
2024-11-26 10:45:22,349 - INFO - Usuário conectado com sucesso.
2024-11-26 10:45:34,771 - INFO - Iniciando ciclo para o ativo EURUSD-op com payout 85.0% e direção inicial call.
2024-11-26 10:45:34,774 - INFO - Iniciando ciclo para o ativo EURUSD-op | Direção inicial: call | Payout: 85.0%
2024-11-26 10:45:34,778 - INFO - Iniciando ciclo para o ativo EURUSD-op.
2024-11-26 10:46:00,264 - INFO - Saldo atualizado: R$ 9991.76
2024-11-26 10:46:00,264 - INFO - Saldo atualizado: R$ 9991.76
2024-11-26 10:46:01,222 - INFO - Primeira ordem executada: call | Valor: R$ 2.00
2024-11-26 10:46:01,222 - INFO - Primeira ordem executada: call | Valor: R$ 2.00
2024-11-26 10:47:00,284 - INFO - Saldo atualizado: R$ 9989.76
2024-11-26 10:47:00,285 - INFO - Saldo atualizado: R$ 9989.76
2024-11-26 10:47:01,539 - INFO - Ordem 2 executada: put | Valor: R$ 2.35
2024-11-26 10:47:01,539 - INFO - Ordem 2 executada: put | Valor: R$ 2.35
2024-11-26 10:48:00,315 - INFO - Saldo atualizado: R$ 9991.19
2024-11-26 10:48:00,316 - INFO - Saldo atualizado: R$ 9991.19
2024-11-26 10:48:01,255 - INFO - Ordem 3 executada: call | Valor: R$ 5.12
2024-11-26 10:48:01,255 - INFO - Ordem 3 executada: call | Valor: R$ 5.12
2024-11-26 10:49:00,284 - INFO - Saldo atualizado: R$ 9986.07
2024-11-26 10:49:00,285 - INFO - Saldo atualizado: R$ 9986.07
2024-11-26 10:49:01,321 - INFO - Ordem 4 executada: put | Valor: R$ 11.14
2024-11-26 10:49:01,321 - INFO - Ordem 4 executada: put | Valor: R$ 11.14
2024-11-26 10:50:00,299 - INFO - Saldo atualizado: R$ 9974.93
2024-11-26 10:50:00,300 - INFO - Saldo atualizado: R$ 9974.93
2024-11-26 10:50:01,700 - INFO - Ordem 5 executada: call | Valor: R$ 24.25
2024-11-26 10:50:01,700 - INFO - Ordem 5 executada: call | Valor: R$ 24.25
2024-11-26 10:51:00,330 - INFO - Saldo atualizado: R$ 9971.77
2024-11-26 10:51:00,331 - INFO - Saldo atualizado: R$ 9971.77
2024-11-26 10:51:01,592 - INFO - Ordem 6 executada: call | Valor: R$ 52.78
2024-11-26 10:51:01,592 - INFO - Ordem 6 executada: call | Valor: R$ 52.78
2024-11-26 10:52:00,251 - INFO - Saldo atualizado: R$ 9918.99
2024-11-26 10:52:00,252 - INFO - Saldo atualizado: R$ 9918.99
2024-11-26 10:52:01,411 - INFO - Ordem 7 executada: put | Valor: R$ 114.87
2024-11-26 10:52:01,411 - INFO - Ordem 7 executada: put | Valor: R$ 114.87
2024-11-26 10:52:14,265 - INFO - Ciclo interrompido manualmente.
2024-11-26 10:52:14,266 - WARNING - Ciclo interrompido manualmente.
2024-11-26 10:52:14,603 - INFO - Saldo atualizado: R$ 9804.12
2024-11-26 10:52:14,603 - INFO - Saldo atualizado: R$ 9804.12
2024-11-26 10:52:14,607 - INFO - Ciclo finalizado.
2024-11-26 10:52:14,608 - INFO - Ciclo finalizado.
2024-11-26 10:53:28,851 - INFO - Iniciando ciclo para o ativo EURUSD-op com payout 85.0% e direção inicial put.
2024-11-26 10:53:28,858 - INFO - Iniciando ciclo para o ativo EURUSD-op | Direção inicial: put | Payout: 85.0%
2024-11-26 10:53:28,858 - INFO - Iniciando ciclo para o ativo EURUSD-op.
2024-11-26 10:54:00,353 - INFO - Saldo atualizado: R$ 9804.12
2024-11-26 10:54:00,354 - INFO - Saldo atualizado: R$ 9804.12
2024-11-26 10:54:01,421 - INFO - Primeira ordem executada: put | Valor: R$ 2.00
2024-11-26 10:54:01,421 - INFO - Primeira ordem executada: put | Valor: R$ 2.00
2024-11-26 10:55:00,364 - INFO - Saldo atualizado: R$ 9802.12
2024-11-26 10:55:00,365 - INFO - Saldo atualizado: R$ 9802.12
2024-11-26 10:55:01,298 - INFO - Ordem 2 executada: put | Valor: R$ 2.35
2024-11-26 10:55:01,298 - INFO - Ordem 2 executada: put | Valor: R$ 2.35
2024-11-26 10:56:00,279 - INFO - Saldo atualizado: R$ 9808.00
2024-11-26 10:56:00,280 - INFO - Saldo atualizado: R$ 9808.00
2024-11-26 10:56:01,466 - INFO - Ordem 3 executada: call | Valor: R$ 5.12
2024-11-26 10:56:01,466 - INFO - Ordem 3 executada: call | Valor: R$ 5.12
2024-11-26 10:57:00,301 - INFO - Saldo atualizado: R$ 9802.88
2024-11-26 10:57:00,303 - INFO - Saldo atualizado: R$ 9802.88
2024-11-26 10:57:01,414 - INFO - Ordem 4 executada: put | Valor: R$ 11.14
2024-11-26 10:57:01,415 - INFO - Ordem 4 executada: put | Valor: R$ 11.14
2024-11-26 10:58:00,292 - INFO - Saldo atualizado: R$ 9791.74
2024-11-26 10:58:00,293 - INFO - Saldo atualizado: R$ 9791.74
2024-11-26 10:58:01,593 - INFO - Ordem 5 executada: call | Valor: R$ 24.25
2024-11-26 10:58:01,593 - INFO - Ordem 5 executada: call | Valor: R$ 24.25
2024-11-26 10:59:00,263 - INFO - Saldo atualizado: R$ 9788.58
2024-11-26 10:59:00,264 - INFO - Saldo atualizado: R$ 9788.58
2024-11-26 10:59:01,293 - INFO - Ordem 6 executada: call | Valor: R$ 52.78
2024-11-26 10:59:01,293 - INFO - Ordem 6 executada: call | Valor: R$ 52.78
2024-11-26 11:00:00,286 - INFO - Saldo atualizado: R$ 9781.73
2024-11-26 11:00:00,286 - INFO - Saldo atualizado: R$ 9781.73
2024-11-26 11:00:01,431 - INFO - Ordem 7 executada: put | Valor: R$ 114.87
2024-11-26 11:00:01,431 - INFO - Ordem 7 executada: put | Valor: R$ 114.87
2024-11-26 11:01:00,304 - INFO - Saldo atualizado: R$ 9766.82
2024-11-26 11:01:00,304 - INFO - Saldo atualizado: R$ 9766.82
2024-11-26 11:01:01,527 - INFO - Ordem 8 executada: put | Valor: R$ 250.01
2024-11-26 11:01:01,528 - INFO - Ordem 8 executada: put | Valor: R$ 250.01
2024-11-26 11:01:01,760 - INFO - Saldo atualizado: R$ 9734.35
2024-11-26 11:01:01,760 - INFO - Saldo atualizado: R$ 9734.35
2024-11-26 11:01:01,764 - INFO - Ciclo finalizado.
2024-11-26 11:01:01,765 - INFO - Ciclo finalizado.
