2024-11-26 09:09:30,733 - INFO - Conexão bem-sucedida!
2024-11-26 09:09:30,967 - INFO - Saldo atualizado: R$ 9999.89
2024-11-26 09:09:30,967 - INFO - Saldo atualizado: R$ 9999.89
2024-11-26 09:09:30,970 - INFO - Usuário conectado com sucesso.
2024-11-26 09:09:35,672 - INFO - Iniciando ciclo para o ativo EURUSD-OP com payout 85.0% e direção inicial call.
2024-11-26 09:09:35,682 - INFO - Iniciando ciclo para o ativo EURUSD-OP | Direção inicial: call | Payout: 85.0%
2024-11-26 09:09:35,682 - INFO - Iniciando ciclo para o ativo EURUSD-OP.
2024-11-26 09:10:00,269 - INFO - Saldo atualizado: R$ 9999.89
2024-11-26 09:10:00,269 - INFO - Saldo atualizado: R$ 9999.89
2024-11-26 09:10:00,498 - ERROR - Falha ao executar ordem digital no ativo EURUSD-OP.
2024-11-26 09:10:00,499 - INFO - Erro ao executar a primeira ordem de valor R$ 2.00. Encerrando ciclo.
2024-11-26 09:10:00,499 - ERROR - Erro na execução da primeira ordem.
2024-11-26 09:10:00,502 - INFO - Ciclo finalizado.
2024-11-26 09:10:00,502 - INFO - Ciclo finalizado.
2024-11-26 09:10:23,926 - INFO - Iniciando ciclo para o ativo EURUSD-OTC com payout 85.0% e direção inicial call.
2024-11-26 09:10:23,935 - INFO - Iniciando ciclo para o ativo EURUSD-OTC | Direção inicial: call | Payout: 85.0%
2024-11-26 09:10:23,936 - INFO - Iniciando ciclo para o ativo EURUSD-OTC.
2024-11-26 09:11:00,297 - INFO - Saldo atualizado: R$ 9999.89
2024-11-26 09:11:00,297 - INFO - Saldo atualizado: R$ 9999.89
2024-11-26 09:11:01,283 - ERROR - Falha ao executar ordem digital no ativo EURUSD-OTC.
2024-11-26 09:11:01,283 - INFO - Erro ao executar a primeira ordem de valor R$ 2.00. Encerrando ciclo.
2024-11-26 09:11:01,284 - ERROR - Erro na execução da primeira ordem.
2024-11-26 09:11:01,287 - INFO - Ciclo finalizado.
2024-11-26 09:11:01,287 - INFO - Ciclo finalizado.
