2024-11-26 11:04:30,227 - INFO - Conexão bem-sucedida!
2024-11-26 11:04:30,506 - INFO - Saldo atualizado: R$ 10207.82
2024-11-26 11:04:30,506 - INFO - Saldo atualizado: R$ 10207.82
2024-11-26 11:04:30,510 - INFO - Usuário conectado com sucesso.
2024-11-26 11:14:40,240 - INFO - Iniciando ciclo para o ativo EURUSD-op com payout 85.0% e direção inicial put.
2024-11-26 11:14:40,246 - INFO - Iniciando ciclo para o ativo EURUSD-op | Direção inicial: put | Payout: 85.0%
2024-11-26 11:14:40,246 - INFO - Iniciando ciclo para o ativo EURUSD-op.
2024-11-26 11:15:00,255 - INFO - Saldo atualizado: R$ 10207.82
2024-11-26 11:15:00,255 - INFO - Saldo atualizado: R$ 10207.82
2024-11-26 11:15:01,603 - INFO - Primeira ordem executada: put | Valor: R$ 2.00
2024-11-26 11:15:01,603 - INFO - Primeira ordem executada: put | Valor: R$ 2.00
2024-11-26 11:16:00,332 - INFO - Saldo atualizado: R$ 10205.82
2024-11-26 11:16:00,333 - INFO - Saldo atualizado: R$ 10205.82
2024-11-26 11:16:01,619 - INFO - Ordem 2 executada: put | Valor: R$ 2.35
2024-11-26 11:16:01,619 - INFO - Ordem 2 executada: put | Valor: R$ 2.35
2024-11-26 11:17:00,316 - INFO - Saldo atualizado: R$ 10203.47
2024-11-26 11:17:00,316 - INFO - Saldo atualizado: R$ 10203.47
2024-11-26 11:17:01,518 - INFO - Ordem 3 executada: call | Valor: R$ 5.12
2024-11-26 11:17:01,518 - INFO - Ordem 3 executada: call | Valor: R$ 5.12
2024-11-26 11:17:55,320 - INFO - Ciclo interrompido manualmente.
2024-11-26 11:17:55,321 - WARNING - Ciclo interrompido manualmente.
2024-11-26 11:17:55,604 - INFO - Saldo atualizado: R$ 10198.35
2024-11-26 11:17:55,604 - INFO - Saldo atualizado: R$ 10198.35
2024-11-26 11:17:55,608 - INFO - Ciclo finalizado.
2024-11-26 11:17:55,608 - INFO - Ciclo finalizado.
2024-11-26 11:18:09,037 - INFO - Iniciando ciclo para o ativo EURUSD-op com payout 85.0% e direção inicial put.
2024-11-26 11:18:09,040 - INFO - Iniciando ciclo para o ativo EURUSD-op | Direção inicial: put | Payout: 85.0%
2024-11-26 11:18:09,044 - INFO - Iniciando ciclo para o ativo EURUSD-op.
2024-11-26 11:19:00,308 - INFO - Saldo atualizado: R$ 10208.04
2024-11-26 11:19:00,312 - INFO - Saldo atualizado: R$ 10208.04
2024-11-26 11:19:01,418 - INFO - Primeira ordem executada: put | Valor: R$ 2.00
2024-11-26 11:19:01,418 - INFO - Primeira ordem executada: put | Valor: R$ 2.00
2024-11-26 11:20:00,315 - INFO - Saldo atualizado: R$ 10206.04
2024-11-26 11:20:00,319 - INFO - Saldo atualizado: R$ 10206.04
2024-11-26 11:20:01,704 - INFO - Ordem 2 executada: put | Valor: R$ 2.35
2024-11-26 11:20:01,704 - INFO - Ordem 2 executada: put | Valor: R$ 2.35
2024-11-26 11:20:52,575 - INFO - Ciclo interrompido manualmente.
2024-11-26 11:20:52,576 - WARNING - Ciclo interrompido manualmente.
2024-11-26 11:20:52,862 - INFO - Saldo atualizado: R$ 10203.69
2024-11-26 11:20:52,862 - INFO - Saldo atualizado: R$ 10203.69
2024-11-26 11:20:52,867 - INFO - Ciclo finalizado.
2024-11-26 11:20:52,867 - INFO - Ciclo finalizado.
2024-11-26 11:23:33,862 - INFO - Iniciando ciclo para o ativo EURUSD-op com payout 85.0% e direção inicial put.
2024-11-26 11:23:33,872 - INFO - Iniciando ciclo para o ativo EURUSD-op | Direção inicial: put | Payout: 85.0%
2024-11-26 11:23:33,877 - INFO - Iniciando ciclo para o ativo EURUSD-op.
2024-11-26 11:24:00,296 - INFO - Saldo atualizado: R$ 10208.14
2024-11-26 11:24:00,297 - INFO - Saldo atualizado: R$ 10208.14
2024-11-26 11:24:01,338 - INFO - Primeira ordem executada: put | Valor: R$ 2.00
2024-11-26 11:24:01,338 - INFO - Primeira ordem executada: put | Valor: R$ 2.00
2024-11-26 11:25:00,251 - INFO - Saldo atualizado: R$ 10206.14
2024-11-26 11:25:00,252 - INFO - Saldo atualizado: R$ 10206.14
2024-11-26 11:25:01,325 - INFO - Ordem 2 executada: put | Valor: R$ 2.35
2024-11-26 11:25:01,325 - INFO - Ordem 2 executada: put | Valor: R$ 2.35
2024-11-26 11:25:55,887 - INFO - Ciclo interrompido manualmente.
2024-11-26 11:25:55,888 - WARNING - Ciclo interrompido manualmente.
2024-11-26 11:25:56,249 - INFO - Saldo atualizado: R$ 10203.79
2024-11-26 11:25:56,249 - INFO - Saldo atualizado: R$ 10203.79
2024-11-26 11:25:56,253 - INFO - Ciclo finalizado.
2024-11-26 11:25:56,253 - INFO - Ciclo finalizado.
2024-11-26 11:26:17,199 - INFO - Iniciando ciclo para o ativo EURUSD-op com payout 88.0% e direção inicial put.
2024-11-26 11:26:17,201 - INFO - Iniciando ciclo para o ativo EURUSD-op | Direção inicial: put | Payout: 88.0%
2024-11-26 11:26:17,205 - INFO - Iniciando ciclo para o ativo EURUSD-op.
2024-11-26 11:27:00,275 - INFO - Saldo atualizado: R$ 10208.24
2024-11-26 11:27:00,276 - INFO - Saldo atualizado: R$ 10208.24
2024-11-26 11:27:01,385 - INFO - Primeira ordem executada: put | Valor: R$ 4.00
2024-11-26 11:27:01,385 - INFO - Primeira ordem executada: put | Valor: R$ 4.00
2024-11-26 11:27:52,187 - INFO - Ciclo interrompido manualmente.
2024-11-26 11:27:52,189 - WARNING - Ciclo interrompido manualmente.
2024-11-26 11:27:52,429 - INFO - Saldo atualizado: R$ 10204.24
2024-11-26 11:27:52,429 - INFO - Saldo atualizado: R$ 10204.24
2024-11-26 11:27:52,432 - INFO - Ciclo finalizado.
2024-11-26 11:27:52,433 - INFO - Ciclo finalizado.
2024-11-26 11:28:21,782 - INFO - Iniciando ciclo para o ativo EURUSD-op com payout 88.0% e direção inicial put.
2024-11-26 11:28:21,786 - INFO - Iniciando ciclo para o ativo EURUSD-op | Direção inicial: put | Payout: 88.0%
2024-11-26 11:28:21,791 - INFO - Iniciando ciclo para o ativo EURUSD-op.
2024-11-26 11:29:00,268 - INFO - Saldo atualizado: R$ 10211.81
2024-11-26 11:29:00,269 - INFO - Saldo atualizado: R$ 10211.81
2024-11-26 11:29:01,497 - INFO - Primeira ordem executada: put | Valor: R$ 4.00
2024-11-26 11:29:01,497 - INFO - Primeira ordem executada: put | Valor: R$ 4.00
2024-11-26 11:29:56,344 - INFO - Ciclo interrompido manualmente.
2024-11-26 11:29:56,345 - WARNING - Ciclo interrompido manualmente.
2024-11-26 11:29:56,614 - INFO - Saldo atualizado: R$ 10207.81
2024-11-26 11:29:56,614 - INFO - Saldo atualizado: R$ 10207.81
2024-11-26 11:29:56,618 - INFO - Ciclo finalizado.
2024-11-26 11:29:56,619 - INFO - Ciclo finalizado.
2024-11-26 11:34:24,030 - INFO - Iniciando ciclo para o ativo EURUSD-op com payout 88.0% e direção inicial put.
2024-11-26 11:34:24,034 - INFO - Iniciando ciclo para o ativo EURUSD-op | Direção inicial: put | Payout: 88.0%
2024-11-26 11:34:24,042 - INFO - Iniciando ciclo para o ativo EURUSD-op.
2024-11-26 11:35:00,341 - INFO - Saldo atualizado: R$ 10215.38
2024-11-26 11:35:00,341 - INFO - Saldo atualizado: R$ 10215.38
2024-11-26 11:35:01,502 - INFO - Primeira ordem executada: put | Valor: R$ 4.00
2024-11-26 11:35:01,502 - INFO - Primeira ordem executada: put | Valor: R$ 4.00
2024-11-26 11:36:00,291 - INFO - Saldo atualizado: R$ 10211.38
2024-11-26 11:36:00,293 - INFO - Saldo atualizado: R$ 10211.38
2024-11-26 11:36:01,381 - INFO - Ordem 2 executada: put | Valor: R$ 4.55
2024-11-26 11:36:01,381 - INFO - Ordem 2 executada: put | Valor: R$ 4.55
2024-11-26 11:37:00,498 - INFO - Saldo atualizado: R$ 10214.40
2024-11-26 11:37:00,500 - INFO - Saldo atualizado: R$ 10214.40
2024-11-26 11:37:01,677 - INFO - Ordem 3 executada: call | Valor: R$ 9.72
2024-11-26 11:37:01,677 - INFO - Ordem 3 executada: call | Valor: R$ 9.72
2024-11-26 11:38:00,327 - INFO - Saldo atualizado: R$ 10204.68
2024-11-26 11:38:00,328 - INFO - Saldo atualizado: R$ 10204.68
2024-11-26 11:38:01,371 - INFO - Ordem 4 executada: put | Valor: R$ 20.76
2024-11-26 11:38:01,372 - INFO - Ordem 4 executada: put | Valor: R$ 20.76
2024-11-26 11:39:00,326 - INFO - Saldo atualizado: R$ 10183.92
2024-11-26 11:39:00,327 - INFO - Saldo atualizado: R$ 10183.92
2024-11-26 11:39:01,537 - INFO - Ordem 5 executada: call | Valor: R$ 44.35
2024-11-26 11:39:01,538 - INFO - Ordem 5 executada: call | Valor: R$ 44.35
2024-11-26 11:39:56,040 - INFO - Ciclo interrompido manualmente.
2024-11-26 11:39:56,041 - WARNING - Ciclo interrompido manualmente.
2024-11-26 11:39:56,331 - INFO - Saldo atualizado: R$ 10139.57
2024-11-26 11:39:56,331 - INFO - Saldo atualizado: R$ 10139.57
2024-11-26 11:39:56,335 - INFO - Ciclo finalizado.
2024-11-26 11:39:56,335 - INFO - Ciclo finalizado.
2024-11-26 11:40:12,729 - INFO - Iniciando ciclo para o ativo EURUSD-op com payout 88.0% e direção inicial put.
2024-11-26 11:40:12,734 - INFO - Iniciando ciclo para o ativo EURUSD-op | Direção inicial: put | Payout: 88.0%
2024-11-26 11:40:12,738 - INFO - Iniciando ciclo para o ativo EURUSD-op.
2024-11-26 11:41:00,365 - INFO - Saldo atualizado: R$ 10223.57
2024-11-26 11:41:00,366 - INFO - Saldo atualizado: R$ 10223.57
2024-11-26 11:41:01,567 - INFO - Primeira ordem executada: put | Valor: R$ 4.00
2024-11-26 11:41:01,567 - INFO - Primeira ordem executada: put | Valor: R$ 4.00
2024-11-26 11:42:00,266 - INFO - Saldo atualizado: R$ 10219.57
2024-11-26 11:42:00,267 - INFO - Saldo atualizado: R$ 10219.57
2024-11-26 11:42:01,448 - INFO - Ordem 2 executada: put | Valor: R$ 4.55
2024-11-26 11:42:01,448 - INFO - Ordem 2 executada: put | Valor: R$ 4.55
2024-11-26 11:43:00,247 - INFO - Saldo atualizado: R$ 10215.02
2024-11-26 11:43:00,248 - INFO - Saldo atualizado: R$ 10215.02
2024-11-26 11:43:01,753 - INFO - Ordem 3 executada: call | Valor: R$ 9.72
2024-11-26 11:43:01,753 - INFO - Ordem 3 executada: call | Valor: R$ 9.72
2024-11-26 11:43:57,181 - INFO - Ciclo interrompido manualmente.
2024-11-26 11:43:57,183 - WARNING - Ciclo interrompido manualmente.
2024-11-26 11:43:57,497 - INFO - Saldo atualizado: R$ 10205.30
2024-11-26 11:43:57,497 - INFO - Saldo atualizado: R$ 10205.30
2024-11-26 11:43:57,501 - INFO - Ciclo finalizado.
2024-11-26 11:43:57,502 - INFO - Ciclo finalizado.
2024-11-26 11:44:03,742 - INFO - Iniciando ciclo para o ativo EURUSD-op com payout 88.0% e direção inicial put.
2024-11-26 11:44:03,745 - INFO - Iniciando ciclo para o ativo EURUSD-op | Direção inicial: put | Payout: 88.0%
2024-11-26 11:44:03,749 - INFO - Iniciando ciclo para o ativo EURUSD-op.
2024-11-26 11:45:00,301 - INFO - Saldo atualizado: R$ 10223.71
2024-11-26 11:45:00,302 - INFO - Saldo atualizado: R$ 10223.71
2024-11-26 11:45:01,255 - INFO - Primeira ordem executada: put | Valor: R$ 4.00
2024-11-26 11:45:01,255 - INFO - Primeira ordem executada: put | Valor: R$ 4.00
2024-11-26 11:45:52,220 - INFO - Ciclo interrompido manualmente.
2024-11-26 11:45:52,221 - WARNING - Ciclo interrompido manualmente.
2024-11-26 11:45:52,494 - INFO - Saldo atualizado: R$ 10219.71
2024-11-26 11:45:52,494 - INFO - Saldo atualizado: R$ 10219.71
2024-11-26 11:45:52,499 - INFO - Ciclo finalizado.
2024-11-26 11:45:52,500 - INFO - Ciclo finalizado.
2024-11-26 11:46:11,096 - INFO - Iniciando ciclo para o ativo EURUSD-op com payout 88.0% e direção inicial put.
2024-11-26 11:46:11,098 - INFO - Iniciando ciclo para o ativo EURUSD-op | Direção inicial: put | Payout: 88.0%
2024-11-26 11:46:11,102 - INFO - Iniciando ciclo para o ativo EURUSD-op.
2024-11-26 11:47:00,281 - INFO - Saldo atualizado: R$ 10227.28
2024-11-26 11:47:00,281 - INFO - Saldo atualizado: R$ 10227.28
2024-11-26 11:47:01,572 - INFO - Primeira ordem executada: put | Valor: R$ 4.00
2024-11-26 11:47:01,573 - INFO - Primeira ordem executada: put | Valor: R$ 4.00
2024-11-26 11:48:00,326 - INFO - Saldo atualizado: R$ 10223.28
2024-11-26 11:48:00,327 - INFO - Saldo atualizado: R$ 10223.28
2024-11-26 11:48:01,591 - INFO - Ordem 2 executada: put | Valor: R$ 4.55
2024-11-26 11:48:01,591 - INFO - Ordem 2 executada: put | Valor: R$ 4.55
2024-11-26 11:49:00,385 - INFO - Saldo atualizado: R$ 10218.73
2024-11-26 11:49:00,386 - INFO - Saldo atualizado: R$ 10218.73
2024-11-26 11:49:01,345 - INFO - Ordem 3 executada: call | Valor: R$ 9.72
2024-11-26 11:49:01,345 - INFO - Ordem 3 executada: call | Valor: R$ 9.72
2024-11-26 11:49:53,748 - INFO - Ciclo interrompido manualmente.
2024-11-26 11:49:53,749 - WARNING - Ciclo interrompido manualmente.
2024-11-26 11:49:54,029 - INFO - Saldo atualizado: R$ 10209.01
2024-11-26 11:49:54,029 - INFO - Saldo atualizado: R$ 10209.01
2024-11-26 11:49:54,034 - INFO - Ciclo finalizado.
2024-11-26 11:49:54,035 - INFO - Ciclo finalizado.
2024-11-26 11:50:03,113 - INFO - Iniciando ciclo para o ativo EURUSD-op com payout 88.0% e direção inicial put.
2024-11-26 11:50:03,116 - INFO - Iniciando ciclo para o ativo EURUSD-op | Direção inicial: put | Payout: 88.0%
2024-11-26 11:50:03,120 - INFO - Iniciando ciclo para o ativo EURUSD-op.
2024-11-26 11:51:00,304 - INFO - Saldo atualizado: R$ 10227.42
2024-11-26 11:51:00,304 - INFO - Saldo atualizado: R$ 10227.42
2024-11-26 11:51:01,324 - INFO - Primeira ordem executada: put | Valor: R$ 4.00
2024-11-26 11:51:01,324 - INFO - Primeira ordem executada: put | Valor: R$ 4.00
2024-11-26 11:52:00,253 - INFO - Saldo atualizado: R$ 10223.42
2024-11-26 11:52:00,254 - INFO - Saldo atualizado: R$ 10223.42
2024-11-26 11:52:01,334 - INFO - Ordem 2 executada: put | Valor: R$ 4.55
2024-11-26 11:52:01,334 - INFO - Ordem 2 executada: put | Valor: R$ 4.55
2024-11-26 11:52:54,847 - INFO - Ciclo interrompido manualmente.
2024-11-26 11:52:54,849 - WARNING - Ciclo interrompido manualmente.
2024-11-26 11:52:55,107 - INFO - Saldo atualizado: R$ 10226.44
2024-11-26 11:52:55,107 - INFO - Saldo atualizado: R$ 10226.44
2024-11-26 11:52:55,111 - INFO - Ciclo finalizado.
2024-11-26 11:52:55,112 - INFO - Ciclo finalizado.
2024-11-26 11:53:16,324 - INFO - Iniciando ciclo para o ativo EURUSD-op com payout 85.0% e direção inicial put.
2024-11-26 11:53:16,326 - INFO - Iniciando ciclo para o ativo EURUSD-op | Direção inicial: put | Payout: 85.0%
2024-11-26 11:53:16,331 - INFO - Iniciando ciclo para o ativo EURUSD-op.
2024-11-26 11:53:29,448 - INFO - Ciclo interrompido manualmente.
2024-11-26 11:53:29,450 - WARNING - Ciclo interrompido manualmente.
2024-11-26 11:53:29,551 - INFO - Ciclo interrompido antes da primeira ordem.
2024-11-26 11:53:29,553 - WARNING - Ciclo interrompido antes da primeira ordem.
2024-11-26 11:53:29,553 - INFO - Ciclo finalizado.
2024-11-26 11:53:29,565 - INFO - Ciclo finalizado.
2024-11-26 11:53:38,878 - INFO - Iniciando ciclo para o ativo EURUSD-op com payout 85.0% e direção inicial put.
2024-11-26 11:53:38,881 - INFO - Iniciando ciclo para o ativo EURUSD-op | Direção inicial: put | Payout: 85.0%
2024-11-26 11:53:38,885 - INFO - Iniciando ciclo para o ativo EURUSD-op.
2024-11-26 11:54:00,283 - INFO - Saldo atualizado: R$ 10226.44
2024-11-26 11:54:00,284 - INFO - Saldo atualizado: R$ 10226.44
2024-11-26 11:54:01,541 - INFO - Primeira ordem executada: put | Valor: R$ 8.00
2024-11-26 11:54:01,541 - INFO - Primeira ordem executada: put | Valor: R$ 8.00
2024-11-26 11:54:55,821 - INFO - Ciclo interrompido manualmente.
2024-11-26 11:54:55,822 - WARNING - Ciclo interrompido manualmente.
2024-11-26 11:54:56,084 - INFO - Saldo atualizado: R$ 10218.44
2024-11-26 11:54:56,085 - INFO - Saldo atualizado: R$ 10218.44
2024-11-26 11:54:56,088 - INFO - Ciclo finalizado.
2024-11-26 11:54:56,089 - INFO - Ciclo finalizado.
2024-11-26 11:55:04,087 - INFO - Iniciando ciclo para o ativo EURUSD-op com payout 85.0% e direção inicial put.
2024-11-26 11:55:04,094 - INFO - Iniciando ciclo para o ativo EURUSD-op | Direção inicial: put | Payout: 85.0%
2024-11-26 11:55:04,094 - INFO - Iniciando ciclo para o ativo EURUSD-op.
2024-11-26 11:56:00,254 - INFO - Saldo atualizado: R$ 10233.59
2024-11-26 11:56:00,255 - INFO - Saldo atualizado: R$ 10233.59
2024-11-26 11:56:01,475 - INFO - Primeira ordem executada: put | Valor: R$ 8.00
2024-11-26 11:56:01,475 - INFO - Primeira ordem executada: put | Valor: R$ 8.00
2024-11-26 11:57:00,253 - INFO - Saldo atualizado: R$ 10225.59
2024-11-26 11:57:00,254 - INFO - Saldo atualizado: R$ 10225.59
2024-11-26 11:57:01,623 - INFO - Ordem 2 executada: put | Valor: R$ 9.41
2024-11-26 11:57:01,623 - INFO - Ordem 2 executada: put | Valor: R$ 9.41
2024-11-26 11:57:55,420 - INFO - Ciclo interrompido manualmente.
2024-11-26 11:57:55,422 - WARNING - Ciclo interrompido manualmente.
2024-11-26 11:57:55,739 - INFO - Saldo atualizado: R$ 10231.33
2024-11-26 11:57:55,739 - INFO - Saldo atualizado: R$ 10231.33
2024-11-26 11:57:55,743 - INFO - Ciclo finalizado.
2024-11-26 11:57:55,744 - INFO - Ciclo finalizado.
2024-11-26 11:58:20,861 - INFO - Iniciando ciclo para o ativo EURUSD-op com payout 85.0% e direção inicial call.
2024-11-26 11:58:20,864 - INFO - Iniciando ciclo para o ativo EURUSD-op | Direção inicial: call | Payout: 85.0%
2024-11-26 11:58:20,868 - INFO - Iniciando ciclo para o ativo EURUSD-op.
2024-11-26 11:58:58,885 - INFO - Ciclo interrompido manualmente.
2024-11-26 11:58:58,886 - WARNING - Ciclo interrompido manualmente.
2024-11-26 11:58:58,951 - INFO - Ciclo interrompido antes da primeira ordem.
2024-11-26 11:58:58,953 - WARNING - Ciclo interrompido antes da primeira ordem.
2024-11-26 11:58:58,960 - INFO - Ciclo finalizado.
2024-11-26 11:58:58,961 - INFO - Ciclo finalizado.
2024-11-26 11:59:04,659 - INFO - Iniciando ciclo para o ativo EURUSD-op com payout 85.0% e direção inicial call.
2024-11-26 11:59:04,661 - INFO - Iniciando ciclo para o ativo EURUSD-op | Direção inicial: call | Payout: 85.0%
2024-11-26 11:59:04,665 - INFO - Iniciando ciclo para o ativo EURUSD-op.
2024-11-26 12:00:00,269 - INFO - Saldo atualizado: R$ 10249.15
2024-11-26 12:00:00,270 - INFO - Saldo atualizado: R$ 10249.15
2024-11-26 12:00:01,669 - INFO - Primeira ordem executada: call | Valor: R$ 12.00
2024-11-26 12:00:01,669 - INFO - Primeira ordem executada: call | Valor: R$ 12.00
2024-11-26 12:00:56,635 - INFO - Ciclo interrompido manualmente.
2024-11-26 12:00:56,636 - WARNING - Ciclo interrompido manualmente.
2024-11-26 12:00:56,968 - INFO - Saldo atualizado: R$ 10237.15
2024-11-26 12:00:56,969 - INFO - Saldo atualizado: R$ 10237.15
2024-11-26 12:00:56,972 - INFO - Ciclo finalizado.
2024-11-26 12:00:56,973 - INFO - Ciclo finalizado.
2024-11-26 12:01:07,086 - INFO - Iniciando ciclo para o ativo EURUSD-op com payout 85.0% e direção inicial call.
2024-11-26 12:01:07,091 - INFO - Iniciando ciclo para o ativo EURUSD-op | Direção inicial: call | Payout: 85.0%
2024-11-26 12:01:07,092 - INFO - Iniciando ciclo para o ativo EURUSD-op.
2024-11-26 12:02:00,334 - INFO - Saldo atualizado: R$ 10259.87
2024-11-26 12:02:00,335 - INFO - Saldo atualizado: R$ 10259.87
2024-11-26 12:02:01,464 - INFO - Primeira ordem executada: call | Valor: R$ 12.00
2024-11-26 12:02:01,464 - INFO - Primeira ordem executada: call | Valor: R$ 12.00
2024-11-26 12:03:00,291 - INFO - Saldo atualizado: R$ 10247.87
2024-11-26 12:03:00,292 - INFO - Saldo atualizado: R$ 10247.87
2024-11-26 12:03:01,267 - INFO - Ordem 2 executada: put | Valor: R$ 14.12
2024-11-26 12:03:01,267 - INFO - Ordem 2 executada: put | Valor: R$ 14.12
2024-11-26 12:03:54,113 - INFO - Ciclo interrompido manualmente.
2024-11-26 12:03:54,115 - WARNING - Ciclo interrompido manualmente.
2024-11-26 12:03:54,431 - INFO - Saldo atualizado: R$ 10233.75
2024-11-26 12:03:54,431 - INFO - Saldo atualizado: R$ 10233.75
2024-11-26 12:03:54,435 - INFO - Ciclo finalizado.
2024-11-26 12:03:54,435 - INFO - Ciclo finalizado.
2024-11-26 12:04:01,575 - INFO - Iniciando ciclo para o ativo EURUSD-op com payout 85.0% e direção inicial call.
2024-11-26 12:04:01,578 - INFO - Iniciando ciclo para o ativo EURUSD-op | Direção inicial: call | Payout: 85.0%
2024-11-26 12:04:01,582 - INFO - Iniciando ciclo para o ativo EURUSD-op.
2024-11-26 12:05:00,288 - INFO - Saldo atualizado: R$ 10260.49
2024-11-26 12:05:00,289 - INFO - Saldo atualizado: R$ 10260.49
2024-11-26 12:05:01,289 - INFO - Primeira ordem executada: call | Valor: R$ 12.00
2024-11-26 12:05:01,290 - INFO - Primeira ordem executada: call | Valor: R$ 12.00
2024-11-26 12:06:00,251 - INFO - Saldo atualizado: R$ 10248.49
2024-11-26 12:06:00,252 - INFO - Saldo atualizado: R$ 10248.49
2024-11-26 12:06:01,444 - INFO - Ordem 2 executada: put | Valor: R$ 14.12
2024-11-26 12:06:01,444 - INFO - Ordem 2 executada: put | Valor: R$ 14.12
2024-11-26 12:07:00,266 - INFO - Saldo atualizado: R$ 10257.09
2024-11-26 12:07:00,267 - INFO - Saldo atualizado: R$ 10257.09
2024-11-26 12:07:01,353 - INFO - Ordem 3 executada: call | Valor: R$ 30.73
2024-11-26 12:07:01,353 - INFO - Ordem 3 executada: call | Valor: R$ 30.73
2024-11-26 12:08:00,259 - INFO - Saldo atualizado: R$ 10226.36
2024-11-26 12:08:00,260 - INFO - Saldo atualizado: R$ 10226.36
2024-11-26 12:08:01,285 - INFO - Ordem 4 executada: put | Valor: R$ 66.88
2024-11-26 12:08:01,285 - INFO - Ordem 4 executada: put | Valor: R$ 66.88
2024-11-26 12:08:56,792 - INFO - Ciclo interrompido manualmente.
2024-11-26 12:08:56,793 - WARNING - Ciclo interrompido manualmente.
2024-11-26 12:08:57,102 - INFO - Saldo atualizado: R$ 10159.48
2024-11-26 12:08:57,102 - INFO - Saldo atualizado: R$ 10159.48
2024-11-26 12:08:57,106 - INFO - Ciclo finalizado.
2024-11-26 12:08:57,107 - INFO - Ciclo finalizado.
2024-11-26 12:09:14,304 - INFO - Iniciando ciclo para o ativo EURUSD-op com payout 85.0% e direção inicial call.
2024-11-26 12:09:14,307 - INFO - Iniciando ciclo para o ativo EURUSD-op | Direção inicial: call | Payout: 85.0%
2024-11-26 12:09:14,311 - INFO - Iniciando ciclo para o ativo EURUSD-op.
2024-11-26 12:10:00,247 - INFO - Saldo atualizado: R$ 10286.13
2024-11-26 12:10:00,248 - INFO - Saldo atualizado: R$ 10286.13
2024-11-26 12:10:01,445 - INFO - Primeira ordem executada: call | Valor: R$ 12.00
2024-11-26 12:10:01,446 - INFO - Primeira ordem executada: call | Valor: R$ 12.00
2024-11-26 12:11:00,352 - INFO - Saldo atualizado: R$ 10274.13
2024-11-26 12:11:00,353 - INFO - Saldo atualizado: R$ 10274.13
2024-11-26 12:11:01,235 - INFO - Ordem 2 executada: put | Valor: R$ 14.12
2024-11-26 12:11:01,235 - INFO - Ordem 2 executada: put | Valor: R$ 14.12
2024-11-26 12:12:00,352 - INFO - Saldo atualizado: R$ 10260.01
2024-11-26 12:12:00,353 - INFO - Saldo atualizado: R$ 10260.01
2024-11-26 12:12:01,575 - INFO - Ordem 3 executada: call | Valor: R$ 30.73
2024-11-26 12:12:01,575 - INFO - Ordem 3 executada: call | Valor: R$ 30.73
2024-11-26 12:13:00,318 - INFO - Saldo atualizado: R$ 10229.28
2024-11-26 12:13:00,319 - INFO - Saldo atualizado: R$ 10229.28
2024-11-26 12:13:01,290 - INFO - Ordem 4 executada: put | Valor: R$ 66.88
2024-11-26 12:13:01,290 - INFO - Ordem 4 executada: put | Valor: R$ 66.88
2024-11-26 12:14:00,361 - INFO - Saldo atualizado: R$ 10162.40
2024-11-26 12:14:00,362 - INFO - Saldo atualizado: R$ 10162.40
2024-11-26 12:14:01,595 - INFO - Ordem 5 executada: call | Valor: R$ 145.56
2024-11-26 12:14:01,595 - INFO - Ordem 5 executada: call | Valor: R$ 145.56
2024-11-26 12:14:55,285 - INFO - Ciclo interrompido manualmente.
2024-11-26 12:14:55,286 - WARNING - Ciclo interrompido manualmente.
2024-11-26 12:14:55,543 - INFO - Saldo atualizado: R$ 10016.84
2024-11-26 12:14:55,543 - INFO - Saldo atualizado: R$ 10016.84
2024-11-26 12:14:55,547 - INFO - Ciclo finalizado.
2024-11-26 12:14:55,548 - INFO - Ciclo finalizado.
2024-11-26 12:30:45,434 - INFO - Iniciando ciclo para o ativo EURUSD-op com payout 85.0% e direção inicial call.
2024-11-26 12:30:45,438 - INFO - Iniciando ciclo para o ativo EURUSD-op | Direção inicial: call | Payout: 85.0%
2024-11-26 12:30:45,443 - INFO - Iniciando ciclo para o ativo EURUSD-op.
2024-11-26 12:31:00,292 - INFO - Saldo atualizado: R$ 10292.53
2024-11-26 12:31:00,292 - INFO - Saldo atualizado: R$ 10292.53
2024-11-26 12:31:01,363 - INFO - Primeira ordem executada: call | Valor: R$ 12.00
2024-11-26 12:31:01,363 - INFO - Primeira ordem executada: call | Valor: R$ 12.00
2024-11-26 12:31:55,217 - INFO - Ciclo interrompido manualmente.
2024-11-26 12:31:55,219 - WARNING - Ciclo interrompido manualmente.
2024-11-26 12:31:55,474 - INFO - Saldo atualizado: R$ 10280.53
2024-11-26 12:31:55,474 - INFO - Saldo atualizado: R$ 10280.53
2024-11-26 12:31:55,477 - INFO - Ciclo finalizado.
2024-11-26 12:31:55,478 - INFO - Ciclo finalizado.
2024-11-26 12:32:02,729 - INFO - Iniciando ciclo para o ativo EURUSD-op com payout 85.0% e direção inicial call.
2024-11-26 12:32:02,731 - INFO - Iniciando ciclo para o ativo EURUSD-op | Direção inicial: call | Payout: 85.0%
2024-11-26 12:32:02,736 - INFO - Iniciando ciclo para o ativo EURUSD-op.
2024-11-26 12:33:00,273 - INFO - Saldo atualizado: R$ 10303.25
2024-11-26 12:33:00,274 - INFO - Saldo atualizado: R$ 10303.25
2024-11-26 12:33:01,605 - INFO - Primeira ordem executada: call | Valor: R$ 12.00
2024-11-26 12:33:01,605 - INFO - Primeira ordem executada: call | Valor: R$ 12.00
2024-11-26 12:33:54,151 - INFO - Ciclo interrompido manualmente.
2024-11-26 12:33:54,153 - WARNING - Ciclo interrompido manualmente.
2024-11-26 12:33:54,521 - INFO - Saldo atualizado: R$ 10291.25
2024-11-26 12:33:54,521 - INFO - Saldo atualizado: R$ 10291.25
2024-11-26 12:33:54,525 - INFO - Ciclo finalizado.
2024-11-26 12:33:54,528 - INFO - Ciclo finalizado.
2024-11-26 12:34:20,358 - INFO - Iniciando ciclo para o ativo EURUSD-op com payout 85.0% e direção inicial call.
2024-11-26 12:34:20,361 - INFO - Iniciando ciclo para o ativo EURUSD-op | Direção inicial: call | Payout: 85.0%
2024-11-26 12:34:20,366 - INFO - Iniciando ciclo para o ativo EURUSD-op.
2024-11-26 12:35:00,268 - INFO - Saldo atualizado: R$ 10313.97
2024-11-26 12:35:00,269 - INFO - Saldo atualizado: R$ 10313.97
2024-11-26 12:35:01,417 - INFO - Primeira ordem executada: call | Valor: R$ 12.00
2024-11-26 12:35:01,417 - INFO - Primeira ordem executada: call | Valor: R$ 12.00
2024-11-26 12:36:00,344 - INFO - Saldo atualizado: R$ 10301.97
2024-11-26 12:36:00,345 - INFO - Saldo atualizado: R$ 10301.97
2024-11-26 12:36:01,265 - INFO - Ordem 2 executada: put | Valor: R$ 14.12
2024-11-26 12:36:01,265 - INFO - Ordem 2 executada: put | Valor: R$ 14.12
2024-11-26 12:37:00,292 - INFO - Saldo atualizado: R$ 10287.85
2024-11-26 12:37:00,293 - INFO - Saldo atualizado: R$ 10287.85
2024-11-26 12:37:01,324 - INFO - Ordem 3 executada: call | Valor: R$ 30.73
2024-11-26 12:37:01,324 - INFO - Ordem 3 executada: call | Valor: R$ 30.73
2024-11-26 12:38:00,320 - INFO - Saldo atualizado: R$ 10257.12
2024-11-26 12:38:00,321 - INFO - Saldo atualizado: R$ 10257.12
2024-11-26 12:38:01,509 - INFO - Ordem 4 executada: put | Valor: R$ 66.88
2024-11-26 12:38:01,509 - INFO - Ordem 4 executada: put | Valor: R$ 66.88
2024-11-26 12:39:00,310 - INFO - Saldo atualizado: R$ 10190.24
2024-11-26 12:39:00,311 - INFO - Saldo atualizado: R$ 10190.24
2024-11-26 12:39:01,614 - INFO - Ordem 5 executada: call | Valor: R$ 145.56
2024-11-26 12:39:01,614 - INFO - Ordem 5 executada: call | Valor: R$ 145.56
2024-11-26 12:39:54,131 - INFO - Ciclo interrompido manualmente.
2024-11-26 12:39:54,133 - WARNING - Ciclo interrompido manualmente.
2024-11-26 12:39:54,412 - INFO - Saldo atualizado: R$ 10044.68
2024-11-26 12:39:54,412 - INFO - Saldo atualizado: R$ 10044.68
2024-11-26 12:39:54,415 - INFO - Ciclo finalizado.
2024-11-26 12:39:54,416 - INFO - Ciclo finalizado.
2024-11-26 12:40:20,443 - INFO - Iniciando ciclo para o ativo EURUSD-op com payout 85.0% e direção inicial put.
2024-11-26 12:40:20,445 - INFO - Iniciando ciclo para o ativo EURUSD-op | Direção inicial: put | Payout: 85.0%
2024-11-26 12:40:20,449 - INFO - Iniciando ciclo para o ativo EURUSD-op.
2024-11-26 12:41:00,300 - INFO - Saldo atualizado: R$ 10320.37
2024-11-26 12:41:00,301 - INFO - Saldo atualizado: R$ 10320.37
2024-11-26 12:41:01,199 - INFO - Primeira ordem executada: put | Valor: R$ 12.00
2024-11-26 12:41:01,199 - INFO - Primeira ordem executada: put | Valor: R$ 12.00
2024-11-26 12:42:00,249 - INFO - Saldo atualizado: R$ 10308.37
2024-11-26 12:42:00,250 - INFO - Saldo atualizado: R$ 10308.37
2024-11-26 12:42:01,629 - INFO - Ordem 2 executada: put | Valor: R$ 14.12
2024-11-26 12:42:01,629 - INFO - Ordem 2 executada: put | Valor: R$ 14.12
2024-11-26 12:42:54,224 - INFO - Ciclo interrompido manualmente.
2024-11-26 12:42:54,226 - WARNING - Ciclo interrompido manualmente.
2024-11-26 12:42:54,563 - INFO - Saldo atualizado: R$ 10294.25
2024-11-26 12:42:54,563 - INFO - Saldo atualizado: R$ 10294.25
2024-11-26 12:42:54,567 - INFO - Ciclo finalizado.
2024-11-26 12:42:54,568 - INFO - Ciclo finalizado.
2024-11-26 12:43:09,649 - INFO - Iniciando ciclo para o ativo EURUSD-op com payout 85.0% e direção inicial call.
2024-11-26 12:43:09,652 - INFO - Iniciando ciclo para o ativo EURUSD-op | Direção inicial: call | Payout: 85.0%
2024-11-26 12:43:09,656 - INFO - Iniciando ciclo para o ativo EURUSD-op.
2024-11-26 12:44:00,309 - INFO - Saldo atualizado: R$ 10320.99
2024-11-26 12:44:00,309 - INFO - Saldo atualizado: R$ 10320.99
2024-11-26 12:44:01,352 - INFO - Primeira ordem executada: call | Valor: R$ 12.00
2024-11-26 12:44:01,352 - INFO - Primeira ordem executada: call | Valor: R$ 12.00
2024-11-26 12:44:59,827 - INFO - Ciclo interrompido manualmente.
2024-11-26 12:44:59,828 - WARNING - Ciclo interrompido manualmente.
2024-11-26 12:45:00,092 - INFO - Saldo atualizado: R$ 10308.99
2024-11-26 12:45:00,092 - INFO - Saldo atualizado: R$ 10308.99
2024-11-26 12:45:00,097 - INFO - Ciclo finalizado.
2024-11-26 12:45:00,098 - INFO - Ciclo finalizado.
2024-11-26 12:45:15,307 - INFO - Iniciando ciclo para o ativo EURUSD-op com payout 85.0% e direção inicial call.
2024-11-26 12:45:15,310 - INFO - Iniciando ciclo para o ativo EURUSD-op | Direção inicial: call | Payout: 85.0%
2024-11-26 12:45:15,314 - INFO - Iniciando ciclo para o ativo EURUSD-op.
2024-11-26 12:46:00,298 - INFO - Saldo atualizado: R$ 10331.71
2024-11-26 12:46:00,299 - INFO - Saldo atualizado: R$ 10331.71
2024-11-26 12:46:01,570 - INFO - Primeira ordem executada: call | Valor: R$ 12.00
2024-11-26 12:46:01,570 - INFO - Primeira ordem executada: call | Valor: R$ 12.00
2024-11-26 12:46:54,294 - INFO - Ciclo interrompido manualmente.
2024-11-26 12:46:54,295 - WARNING - Ciclo interrompido manualmente.
2024-11-26 12:46:54,570 - INFO - Saldo atualizado: R$ 10319.71
2024-11-26 12:46:54,570 - INFO - Saldo atualizado: R$ 10319.71
2024-11-26 12:46:54,574 - INFO - Ciclo finalizado.
2024-11-26 12:46:54,574 - INFO - Ciclo finalizado.
2024-11-26 12:47:40,375 - INFO - Iniciando ciclo para o ativo EURUSD-op com payout 85.0% e direção inicial call.
2024-11-26 12:47:40,382 - INFO - Iniciando ciclo para o ativo EURUSD-op | Direção inicial: call | Payout: 85.0%
2024-11-26 12:47:40,383 - INFO - Iniciando ciclo para o ativo EURUSD-op.
2024-11-26 12:48:00,275 - INFO - Saldo atualizado: R$ 10342.43
2024-11-26 12:48:00,276 - INFO - Saldo atualizado: R$ 10342.43
2024-11-26 12:48:01,607 - INFO - Primeira ordem executada: call | Valor: R$ 12.00
2024-11-26 12:48:01,607 - INFO - Primeira ordem executada: call | Valor: R$ 12.00
2024-11-26 12:48:59,448 - INFO - Ciclo interrompido manualmente.
2024-11-26 12:48:59,450 - WARNING - Ciclo interrompido manualmente.
2024-11-26 12:48:59,874 - INFO - Saldo atualizado: R$ 10330.43
2024-11-26 12:48:59,874 - INFO - Saldo atualizado: R$ 10330.43
2024-11-26 12:48:59,880 - INFO - Ciclo finalizado.
2024-11-26 12:48:59,881 - INFO - Ciclo finalizado.
2024-11-26 12:50:01,907 - INFO - Iniciando ciclo para o ativo EURUSD-op com payout 85.0% e direção inicial call.
2024-11-26 12:50:01,911 - INFO - Iniciando ciclo para o ativo EURUSD-op | Direção inicial: call | Payout: 85.0%
2024-11-26 12:50:01,915 - INFO - Iniciando ciclo para o ativo EURUSD-op.
2024-11-26 12:51:00,317 - INFO - Saldo atualizado: R$ 10353.15
2024-11-26 12:51:00,318 - INFO - Saldo atualizado: R$ 10353.15
2024-11-26 12:51:01,616 - INFO - Primeira ordem executada: call | Valor: R$ 12.00
2024-11-26 12:51:01,617 - INFO - Primeira ordem executada: call | Valor: R$ 12.00
2024-11-26 12:52:00,278 - INFO - Saldo atualizado: R$ 10341.15
2024-11-26 12:52:00,279 - INFO - Saldo atualizado: R$ 10341.15
2024-11-26 12:52:01,234 - INFO - Ordem 2 executada: put | Valor: R$ 14.12
2024-11-26 12:52:01,234 - INFO - Ordem 2 executada: put | Valor: R$ 14.12
2024-11-26 12:53:00,308 - INFO - Saldo atualizado: R$ 10327.03
2024-11-26 12:53:00,309 - INFO - Saldo atualizado: R$ 10327.03
2024-11-26 12:53:01,368 - INFO - Ordem 3 executada: call | Valor: R$ 30.73
2024-11-26 12:53:01,368 - INFO - Ordem 3 executada: call | Valor: R$ 30.73
2024-11-26 12:54:00,328 - INFO - Saldo atualizado: R$ 10296.30
2024-11-26 12:54:00,330 - INFO - Saldo atualizado: R$ 10296.30
2024-11-26 12:54:01,517 - INFO - Ordem 4 executada: put | Valor: R$ 66.88
2024-11-26 12:54:01,517 - INFO - Ordem 4 executada: put | Valor: R$ 66.88
2024-11-26 12:54:55,647 - INFO - Ciclo interrompido manualmente.
2024-11-26 12:54:55,648 - WARNING - Ciclo interrompido manualmente.
2024-11-26 12:54:55,974 - INFO - Saldo atualizado: R$ 10229.42
2024-11-26 12:54:55,974 - INFO - Saldo atualizado: R$ 10229.42
2024-11-26 12:54:55,978 - INFO - Ciclo finalizado.
2024-11-26 12:54:55,978 - INFO - Ciclo finalizado.
2024-11-26 12:55:19,078 - INFO - Iniciando ciclo para o ativo EURUSD-op com payout 85.0% e direção inicial put.
2024-11-26 12:55:19,082 - INFO - Iniciando ciclo para o ativo EURUSD-op | Direção inicial: put | Payout: 85.0%
2024-11-26 12:55:19,086 - INFO - Iniciando ciclo para o ativo EURUSD-op.
2024-11-26 12:56:00,336 - INFO - Saldo atualizado: R$ 10356.07
2024-11-26 12:56:00,336 - INFO - Saldo atualizado: R$ 10356.07
2024-11-26 12:56:01,314 - INFO - Primeira ordem executada: put | Valor: R$ 12.00
2024-11-26 12:56:01,315 - INFO - Primeira ordem executada: put | Valor: R$ 12.00
2024-11-26 12:56:55,705 - INFO - Ciclo interrompido manualmente.
2024-11-26 12:56:55,706 - WARNING - Ciclo interrompido manualmente.
2024-11-26 12:56:55,975 - INFO - Saldo atualizado: R$ 10344.07
2024-11-26 12:56:55,975 - INFO - Saldo atualizado: R$ 10344.07
2024-11-26 12:56:55,978 - INFO - Ciclo finalizado.
2024-11-26 12:56:55,979 - INFO - Ciclo finalizado.
2024-11-26 12:58:01,784 - INFO - Iniciando ciclo para o ativo EURUSD-op com payout 85.0% e direção inicial put.
2024-11-26 12:58:01,787 - INFO - Iniciando ciclo para o ativo EURUSD-op | Direção inicial: put | Payout: 85.0%
2024-11-26 12:58:01,791 - INFO - Iniciando ciclo para o ativo EURUSD-op.
2024-11-26 12:59:00,273 - INFO - Saldo atualizado: R$ 10366.79
2024-11-26 12:59:00,274 - INFO - Saldo atualizado: R$ 10366.79
2024-11-26 12:59:01,553 - INFO - Primeira ordem executada: put | Valor: R$ 12.00
2024-11-26 12:59:01,553 - INFO - Primeira ordem executada: put | Valor: R$ 12.00
2024-11-26 13:00:00,301 - INFO - Saldo atualizado: R$ 10354.79
2024-11-26 13:00:00,302 - INFO - Saldo atualizado: R$ 10354.79
2024-11-26 13:00:01,412 - INFO - Ordem 2 executada: put | Valor: R$ 14.12
2024-11-26 13:00:01,413 - INFO - Ordem 2 executada: put | Valor: R$ 14.12
2024-11-26 13:01:00,267 - INFO - Saldo atualizado: R$ 10340.67
2024-11-26 13:01:00,268 - INFO - Saldo atualizado: R$ 10340.67
2024-11-26 13:01:01,305 - INFO - Ordem 3 executada: call | Valor: R$ 30.73
2024-11-26 13:01:01,305 - INFO - Ordem 3 executada: call | Valor: R$ 30.73
2024-11-26 13:02:00,278 - INFO - Saldo atualizado: R$ 10309.94
2024-11-26 13:02:00,278 - INFO - Saldo atualizado: R$ 10309.94
2024-11-26 13:02:01,464 - INFO - Ordem 4 executada: put | Valor: R$ 66.88
2024-11-26 13:02:01,464 - INFO - Ordem 4 executada: put | Valor: R$ 66.88
2024-11-26 13:03:00,271 - INFO - Saldo atualizado: R$ 10243.06
2024-11-26 13:03:00,273 - INFO - Saldo atualizado: R$ 10243.06
2024-11-26 13:03:01,602 - INFO - Ordem 5 executada: call | Valor: R$ 145.56
2024-11-26 13:03:01,602 - INFO - Ordem 5 executada: call | Valor: R$ 145.56
2024-11-26 13:04:00,333 - INFO - Saldo atualizado: R$ 10097.50
2024-11-26 13:04:00,334 - INFO - Saldo atualizado: R$ 10097.50
2024-11-26 13:04:01,462 - INFO - Ordem 6 executada: call | Valor: R$ 316.81
2024-11-26 13:04:01,462 - INFO - Ordem 6 executada: call | Valor: R$ 316.81
2024-11-26 13:05:00,311 - INFO - Saldo atualizado: R$ 9780.69
2024-11-26 13:05:00,312 - INFO - Saldo atualizado: R$ 9780.69
2024-11-26 13:05:01,271 - INFO - Ordem 7 executada: put | Valor: R$ 689.53
2024-11-26 13:05:01,271 - INFO - Ordem 7 executada: put | Valor: R$ 689.53
2024-11-26 13:05:58,411 - INFO - Ciclo interrompido manualmente.
2024-11-26 13:05:58,412 - WARNING - Ciclo interrompido manualmente.
2024-11-26 13:05:58,706 - INFO - Saldo atualizado: R$ 9091.16
2024-11-26 13:05:58,706 - INFO - Saldo atualizado: R$ 9091.16
2024-11-26 13:05:58,709 - INFO - Ciclo finalizado.
2024-11-26 13:05:58,710 - INFO - Ciclo finalizado.
2024-11-26 13:06:20,165 - INFO - Iniciando ciclo para o ativo EURUSD-op com payout 85.0% e direção inicial put.
2024-11-26 13:06:20,169 - INFO - Iniciando ciclo para o ativo EURUSD-op | Direção inicial: put | Payout: 85.0%
2024-11-26 13:06:20,173 - INFO - Iniciando ciclo para o ativo EURUSD-op.
2024-11-26 13:07:00,339 - INFO - Saldo atualizado: R$ 10396.98
2024-11-26 13:07:00,339 - INFO - Saldo atualizado: R$ 10396.98
2024-11-26 13:07:01,540 - INFO - Primeira ordem executada: put | Valor: R$ 12.00
2024-11-26 13:07:01,540 - INFO - Primeira ordem executada: put | Valor: R$ 12.00
2024-11-26 13:08:00,304 - INFO - Saldo atualizado: R$ 10384.98
2024-11-26 13:08:00,305 - INFO - Saldo atualizado: R$ 10384.98
2024-11-26 13:08:01,710 - INFO - Ordem 2 executada: put | Valor: R$ 14.12
2024-11-26 13:08:01,710 - INFO - Ordem 2 executada: put | Valor: R$ 14.12
2024-11-26 13:09:00,387 - INFO - Saldo atualizado: R$ 10393.58
2024-11-26 13:09:00,388 - INFO - Saldo atualizado: R$ 10393.58
2024-11-26 13:09:01,826 - INFO - Ordem 3 executada: call | Valor: R$ 30.73
2024-11-26 13:09:01,826 - INFO - Ordem 3 executada: call | Valor: R$ 30.73
2024-11-26 13:10:00,293 - INFO - Saldo atualizado: R$ 10389.59
2024-11-26 13:10:00,293 - INFO - Saldo atualizado: R$ 10389.59
2024-11-26 13:10:01,337 - INFO - Ordem 4 executada: put | Valor: R$ 66.88
2024-11-26 13:10:01,337 - INFO - Ordem 4 executada: put | Valor: R$ 66.88
2024-11-26 13:10:56,886 - INFO - Ciclo interrompido manualmente.
2024-11-26 13:10:56,887 - WARNING - Ciclo interrompido manualmente.
2024-11-26 13:10:57,138 - INFO - Saldo atualizado: R$ 10380.91
2024-11-26 13:10:57,138 - INFO - Saldo atualizado: R$ 10380.91
2024-11-26 13:10:57,142 - INFO - Ciclo finalizado.
2024-11-26 13:10:57,142 - INFO - Ciclo finalizado.
2024-11-26 13:11:36,820 - INFO - Iniciando ciclo para o ativo EURUSD-op com payout 85.0% e direção inicial put.
2024-11-26 13:11:36,824 - INFO - Iniciando ciclo para o ativo EURUSD-op | Direção inicial: put | Payout: 85.0%
2024-11-26 13:11:36,828 - INFO - Iniciando ciclo para o ativo EURUSD-op.
2024-11-26 13:12:00,312 - INFO - Saldo atualizado: R$ 10507.56
2024-11-26 13:12:00,312 - INFO - Saldo atualizado: R$ 10507.56
2024-11-26 13:12:01,507 - INFO - Primeira ordem executada: put | Valor: R$ 12.00
2024-11-26 13:12:01,507 - INFO - Primeira ordem executada: put | Valor: R$ 12.00
2024-11-26 13:12:56,154 - INFO - Ciclo interrompido manualmente.
2024-11-26 13:12:56,156 - WARNING - Ciclo interrompido manualmente.
2024-11-26 13:12:56,456 - INFO - Saldo atualizado: R$ 10495.56
2024-11-26 13:12:56,456 - INFO - Saldo atualizado: R$ 10495.56
2024-11-26 13:12:56,459 - INFO - Ciclo finalizado.
2024-11-26 13:12:56,460 - INFO - Ciclo finalizado.
2024-11-26 13:13:02,687 - INFO - Iniciando ciclo para o ativo EURUSD-op com payout 85.0% e direção inicial put.
2024-11-26 13:13:02,690 - INFO - Iniciando ciclo para o ativo EURUSD-op | Direção inicial: put | Payout: 85.0%
2024-11-26 13:13:02,694 - INFO - Iniciando ciclo para o ativo EURUSD-op.
2024-11-26 13:14:00,307 - INFO - Saldo atualizado: R$ 10518.28
2024-11-26 13:14:00,307 - INFO - Saldo atualizado: R$ 10518.28
2024-11-26 13:14:01,467 - INFO - Primeira ordem executada: put | Valor: R$ 12.00
2024-11-26 13:14:01,467 - INFO - Primeira ordem executada: put | Valor: R$ 12.00
2024-11-26 13:15:00,264 - INFO - Saldo atualizado: R$ 10506.28
2024-11-26 13:15:00,265 - INFO - Saldo atualizado: R$ 10506.28
2024-11-26 13:15:01,411 - INFO - Ordem 2 executada: put | Valor: R$ 14.12
2024-11-26 13:15:01,411 - INFO - Ordem 2 executada: put | Valor: R$ 14.12
2024-11-26 13:16:00,252 - INFO - Saldo atualizado: R$ 10492.16
2024-11-26 13:16:00,253 - INFO - Saldo atualizado: R$ 10492.16
2024-11-26 13:16:01,306 - INFO - Ordem 3 executada: call | Valor: R$ 30.73
2024-11-26 13:16:01,306 - INFO - Ordem 3 executada: call | Valor: R$ 30.73
2024-11-26 13:16:55,718 - INFO - Ciclo interrompido manualmente.
2024-11-26 13:16:55,720 - WARNING - Ciclo interrompido manualmente.
2024-11-26 13:16:55,959 - INFO - Saldo atualizado: R$ 10461.43
2024-11-26 13:16:55,959 - INFO - Saldo atualizado: R$ 10461.43
2024-11-26 13:16:55,963 - INFO - Ciclo finalizado.
2024-11-26 13:16:55,963 - INFO - Ciclo finalizado.
2024-11-26 13:17:36,904 - INFO - Iniciando ciclo para o ativo EURUSD-op com payout 85.0% e direção inicial call.
2024-11-26 13:17:36,910 - INFO - Iniciando ciclo para o ativo EURUSD-op | Direção inicial: call | Payout: 85.0%
2024-11-26 13:17:36,911 - INFO - Iniciando ciclo para o ativo EURUSD-op.
2024-11-26 13:18:00,311 - INFO - Saldo atualizado: R$ 10519.63
2024-11-26 13:18:00,311 - INFO - Saldo atualizado: R$ 10519.63
2024-11-26 13:18:01,677 - INFO - Primeira ordem executada: call | Valor: R$ 12.00
2024-11-26 13:18:01,677 - INFO - Primeira ordem executada: call | Valor: R$ 12.00
2024-11-26 13:19:00,349 - INFO - Saldo atualizado: R$ 10507.63
2024-11-26 13:19:00,350 - INFO - Saldo atualizado: R$ 10507.63
2024-11-26 13:19:01,486 - INFO - Ordem 2 executada: put | Valor: R$ 14.12
2024-11-26 13:19:01,486 - INFO - Ordem 2 executada: put | Valor: R$ 14.12
2024-11-26 13:20:00,268 - INFO - Saldo atualizado: R$ 10493.51
2024-11-26 13:20:00,269 - INFO - Saldo atualizado: R$ 10493.51
2024-11-26 13:20:01,539 - INFO - Ordem 3 executada: call | Valor: R$ 30.73
2024-11-26 13:20:01,539 - INFO - Ordem 3 executada: call | Valor: R$ 30.73
2024-11-26 13:21:00,278 - INFO - Saldo atualizado: R$ 10462.78
2024-11-26 13:21:00,279 - INFO - Saldo atualizado: R$ 10462.78
2024-11-26 13:21:01,217 - INFO - Ordem 4 executada: put | Valor: R$ 66.88
2024-11-26 13:21:01,217 - INFO - Ordem 4 executada: put | Valor: R$ 66.88
2024-11-26 13:21:50,902 - INFO - Ciclo interrompido manualmente.
2024-11-26 13:21:50,904 - WARNING - Ciclo interrompido manualmente.
2024-11-26 13:21:51,241 - INFO - Saldo atualizado: R$ 10395.90
2024-11-26 13:21:51,241 - INFO - Saldo atualizado: R$ 10395.90
2024-11-26 13:21:51,245 - INFO - Ciclo finalizado.
2024-11-26 13:21:51,246 - INFO - Ciclo finalizado.
