2024-11-26 13:23:53,381 - INFO - Conexão bem-sucedida!
2024-11-26 13:23:53,641 - INFO - Saldo atualizado: R$ 10522.56
2024-11-26 13:23:53,641 - INFO - Saldo atualizado: R$ 10522.56
2024-11-26 13:23:53,645 - INFO - Usuário conectado com sucesso.
2024-11-26 13:24:00,708 - INFO - Iniciando ciclo para o ativo EURUSD-op com payout 85.0% e direção inicial call.
2024-11-26 13:24:00,710 - INFO - Iniciando ciclo para o ativo EURUSD-op | Direção inicial: call | Payout: 85.0%
2024-11-26 13:24:00,714 - INFO - Iniciando ciclo para o ativo EURUSD-op.
2024-11-26 13:25:00,248 - INFO - Saldo atualizado: R$ 10522.56
2024-11-26 13:25:00,249 - INFO - Saldo atualizado: R$ 10522.56
2024-11-26 13:25:01,422 - INFO - Primeira ordem executada: call | Valor: R$ 12.00
2024-11-26 13:25:01,424 - INFO - Primeira ordem executada: call | Valor: R$ 12.00
2024-11-26 13:25:59,256 - INFO - Ciclo interrompido manualmente.
2024-11-26 13:25:59,258 - WARNING - Ciclo interrompido manualmente.
2024-11-26 13:25:59,570 - INFO - Saldo atualizado: R$ 10510.56
2024-11-26 13:25:59,570 - INFO - Saldo atualizado: R$ 10510.56
2024-11-26 13:25:59,574 - INFO - Ciclo finalizado.
2024-11-26 13:25:59,575 - INFO - Ciclo finalizado.
2024-11-26 13:26:17,411 - INFO - Iniciando ciclo para o ativo EURUSD-op com payout 85.0% e direção inicial call.
2024-11-26 13:26:17,413 - INFO - Iniciando ciclo para o ativo EURUSD-op | Direção inicial: call | Payout: 85.0%
2024-11-26 13:26:17,417 - INFO - Iniciando ciclo para o ativo EURUSD-op.
2024-11-26 13:27:00,270 - INFO - Saldo atualizado: R$ 10533.28
2024-11-26 13:27:00,271 - INFO - Saldo atualizado: R$ 10533.28
2024-11-26 13:27:01,351 - INFO - Primeira ordem executada: call | Valor: R$ 12.00
2024-11-26 13:27:01,352 - INFO - Primeira ordem executada: call | Valor: R$ 12.00
2024-11-26 13:28:00,276 - INFO - Saldo atualizado: R$ 10521.28
2024-11-26 13:28:00,276 - INFO - Saldo atualizado: R$ 10521.28
2024-11-26 13:28:01,357 - INFO - Ordem 2 executada: put | Valor: R$ 14.12
2024-11-26 13:28:01,357 - INFO - Ordem 2 executada: put | Valor: R$ 14.12
2024-11-26 13:29:00,266 - INFO - Saldo atualizado: R$ 10529.88
2024-11-26 13:29:00,267 - INFO - Saldo atualizado: R$ 10529.88
2024-11-26 13:29:01,459 - INFO - Ordem 3 executada: call | Valor: R$ 30.73
2024-11-26 13:29:01,460 - INFO - Ordem 3 executada: call | Valor: R$ 30.73
2024-11-26 13:30:00,302 - INFO - Saldo atualizado: R$ 10525.89
2024-11-26 13:30:00,302 - INFO - Saldo atualizado: R$ 10525.89
2024-11-26 13:30:01,288 - INFO - Ordem 4 executada: put | Valor: R$ 66.88
2024-11-26 13:30:01,288 - INFO - Ordem 4 executada: put | Valor: R$ 66.88
2024-11-26 13:31:00,318 - INFO - Saldo atualizado: R$ 10517.21
2024-11-26 13:31:00,318 - INFO - Saldo atualizado: R$ 10517.21
2024-11-26 13:31:01,454 - INFO - Ordem 5 executada: call | Valor: R$ 145.56
2024-11-26 13:31:01,454 - INFO - Ordem 5 executada: call | Valor: R$ 145.56
2024-11-26 13:32:00,296 - INFO - Saldo atualizado: R$ 10371.65
2024-11-26 13:32:00,296 - INFO - Saldo atualizado: R$ 10371.65
2024-11-26 13:32:01,313 - INFO - Ordem 6 executada: call | Valor: R$ 316.81
2024-11-26 13:32:01,313 - INFO - Ordem 6 executada: call | Valor: R$ 316.81
2024-11-26 13:33:00,277 - INFO - Saldo atualizado: R$ 10330.53
2024-11-26 13:33:00,277 - INFO - Saldo atualizado: R$ 10330.53
2024-11-26 13:33:01,517 - INFO - Ordem 7 executada: put | Valor: R$ 689.53
2024-11-26 13:33:01,517 - INFO - Ordem 7 executada: put | Valor: R$ 689.53
2024-11-26 13:34:00,309 - INFO - Saldo atualizado: R$ 11546.89
2024-11-26 13:34:00,310 - INFO - Saldo atualizado: R$ 11546.89
2024-11-26 13:34:01,585 - INFO - Ordem 8 executada: put | Valor: R$ 1500.74
2024-11-26 13:34:01,586 - INFO - Ordem 8 executada: put | Valor: R$ 1500.74
2024-11-26 13:34:01,852 - INFO - Saldo atualizado: R$ 10046.15
2024-11-26 13:34:01,852 - INFO - Saldo atualizado: R$ 10046.15
2024-11-26 13:34:01,856 - INFO - Ciclo finalizado.
2024-11-26 13:34:01,856 - INFO - Ciclo finalizado.
