2024-11-26 08:37:21,025 - INFO - Conexão bem-sucedida!
2024-11-26 08:37:21,302 - INFO - Saldo atualizado: R$ 10000.89
2024-11-26 08:37:21,302 - INFO - Saldo atualizado: R$ 10000.89
2024-11-26 08:37:21,306 - INFO - Usuário conectado com sucesso.
2024-11-26 08:37:38,248 - INFO - Ativo 'EURUSD-OP' não está disponível. Tentativa 1/3.
2024-11-26 08:37:38,248 - WARNING - Ativo 'EURUSD-OP' não está disponível. Tentativa 1/3.
2024-11-26 08:37:44,758 - INFO - Ativo 'EURUSD-OP' não está disponível. Tentativa 2/3.
2024-11-26 08:37:44,758 - WARNING - Ativo 'EURUSD-OP' não está disponível. Tentativa 2/3.
2024-11-26 08:37:50,577 - INFO - Ativo 'EURUSD-OP' não está disponível. Tentativa 3/3.
2024-11-26 08:37:50,578 - WARNING - Ativo 'EURUSD-OP' não está disponível. Tentativa 3/3.
2024-11-26 08:37:51,579 - INFO - Ativo 'EURUSD-OP' não está disponível após 3 tentativas.
2024-11-26 08:37:51,579 - ERROR - Ativo 'EURUSD-OP' não está disponível após 3 tentativas.
2024-11-26 08:38:07,161 - INFO - Ativo 'EURUSD-OP' não está disponível. Tentativa 1/3.
2024-11-26 08:38:07,162 - WARNING - Ativo 'EURUSD-OP' não está disponível. Tentativa 1/3.
2024-11-26 08:38:12,792 - INFO - Ativo 'EURUSD-OP' não está disponível. Tentativa 2/3.
2024-11-26 08:38:12,792 - WARNING - Ativo 'EURUSD-OP' não está disponível. Tentativa 2/3.
2024-11-26 08:38:17,698 - INFO - Ativo 'EURUSD-OP' não está disponível. Tentativa 3/3.
2024-11-26 08:38:17,699 - WARNING - Ativo 'EURUSD-OP' não está disponível. Tentativa 3/3.
2024-11-26 08:38:18,700 - INFO - Ativo 'EURUSD-OP' não está disponível após 3 tentativas.
2024-11-26 08:38:18,701 - ERROR - Ativo 'EURUSD-OP' não está disponível após 3 tentativas.
2024-11-26 08:38:29,932 - INFO - Ativo 'EURUSD-OP' não está disponível. Tentativa 1/3.
2024-11-26 08:38:29,933 - WARNING - Ativo 'EURUSD-OP' não está disponível. Tentativa 1/3.
2024-11-26 08:38:37,093 - INFO - Ativo 'EURUSD-OP' não está disponível. Tentativa 2/3.
2024-11-26 08:38:37,094 - WARNING - Ativo 'EURUSD-OP' não está disponível. Tentativa 2/3.
2024-11-26 08:38:43,108 - INFO - Ativo 'EURUSD-OP' não está disponível. Tentativa 3/3.
2024-11-26 08:38:43,108 - WARNING - Ativo 'EURUSD-OP' não está disponível. Tentativa 3/3.
2024-11-26 08:38:44,109 - INFO - Ativo 'EURUSD-OP' não está disponível após 3 tentativas.
2024-11-26 08:38:44,109 - ERROR - Ativo 'EURUSD-OP' não está disponível após 3 tentativas.
