2024-11-24 13:23:16,611 - INFO - Conexão bem-sucedida!
2024-11-24 13:23:16,846 - INFO - Saldo atualizado: R$ 9659.45
2024-11-24 13:23:16,846 - INFO - Saldo atualizado: R$ 9659.45
2024-11-24 13:23:16,849 - INFO - Usuário conectado com sucesso.
2024-11-24 13:23:23,022 - INFO - Iniciando ciclo para o ativo EURUSD-OTC com payout 90.0% e direção inicial call.
2024-11-24 13:23:23,023 - INFO - Iniciando ciclo para o ativo EURUSD-OTC | Direção inicial: call | Payout: 90.0%
2024-11-24 13:23:23,027 - INFO - Iniciando ciclo para o ativo EURUSD-OTC.
2024-11-24 13:24:00,335 - INFO - Saldo atualizado: R$ 9659.45
2024-11-24 13:24:00,336 - INFO - Saldo atualizado: R$ 9659.45
2024-11-24 13:24:01,436 - INFO - Primeira ordem executada: call | Valor: R$ 2.00
2024-11-24 13:24:01,436 - INFO - Primeira ordem executada: call | Valor: R$ 2.00
2024-11-24 13:25:00,390 - INFO - Saldo atualizado: R$ 9657.45
2024-11-24 13:25:00,391 - INFO - Saldo atualizado: R$ 9657.45
2024-11-24 13:25:01,384 - INFO - Ordem 2 executada: put | Valor: R$ 2.22
2024-11-24 13:25:01,384 - INFO - Ordem 2 executada: put | Valor: R$ 2.22
2024-11-24 13:26:00,368 - INFO - Saldo atualizado: R$ 9659.43
2024-11-24 13:26:00,369 - INFO - Saldo atualizado: R$ 9659.43
2024-11-24 13:26:01,341 - INFO - Ordem 3 executada: call | Valor: R$ 4.69
2024-11-24 13:26:01,341 - INFO - Ordem 3 executada: call | Valor: R$ 4.69
2024-11-24 13:27:00,335 - INFO - Saldo atualizado: R$ 9654.74
2024-11-24 13:27:00,336 - INFO - Saldo atualizado: R$ 9654.74
2024-11-24 13:27:01,304 - INFO - Ordem 4 executada: put | Valor: R$ 9.90
2024-11-24 13:27:01,304 - INFO - Ordem 4 executada: put | Valor: R$ 9.90
2024-11-24 13:28:00,289 - INFO - Saldo atualizado: R$ 9653.72
2024-11-24 13:28:00,290 - INFO - Saldo atualizado: R$ 9653.72
2024-11-24 13:28:01,719 - INFO - Ordem 5 executada: call | Valor: R$ 20.90
2024-11-24 13:28:01,719 - INFO - Ordem 5 executada: call | Valor: R$ 20.90
2024-11-24 13:29:00,408 - INFO - Saldo atualizado: R$ 9632.82
2024-11-24 13:29:00,409 - INFO - Saldo atualizado: R$ 9632.82
2024-11-24 13:29:01,316 - INFO - Ordem 6 executada: call | Valor: R$ 44.12
2024-11-24 13:29:01,316 - INFO - Ordem 6 executada: call | Valor: R$ 44.12
2024-11-24 13:30:00,420 - INFO - Saldo atualizado: R$ 9628.28
2024-11-24 13:30:00,422 - INFO - Saldo atualizado: R$ 9628.28
2024-11-24 13:30:01,325 - INFO - Ordem 7 executada: put | Valor: R$ 93.14
2024-11-24 13:30:01,325 - INFO - Ordem 7 executada: put | Valor: R$ 93.14
2024-11-24 13:31:00,300 - INFO - Saldo atualizado: R$ 9535.14
2024-11-24 13:31:00,301 - INFO - Saldo atualizado: R$ 9535.14
2024-11-24 13:31:01,728 - INFO - Ordem 8 executada: put | Valor: R$ 196.63
2024-11-24 13:31:01,728 - INFO - Ordem 8 executada: put | Valor: R$ 196.63
2024-11-24 13:31:01,970 - INFO - Saldo atualizado: R$ 9338.51
2024-11-24 13:31:01,970 - INFO - Saldo atualizado: R$ 9338.51
2024-11-24 13:31:01,973 - INFO - Ciclo finalizado.
2024-11-24 13:31:01,974 - INFO - Ciclo finalizado.
2024-11-24 13:31:24,934 - INFO - Iniciando ciclo para o ativo EURUSD-OTC com payout 90.0% e direção inicial call.
2024-11-24 13:31:24,936 - INFO - Iniciando ciclo para o ativo EURUSD-OTC | Direção inicial: call | Payout: 90.0%
2024-11-24 13:31:24,940 - INFO - Iniciando ciclo para o ativo EURUSD-OTC.
2024-11-24 13:31:28,684 - INFO - Ciclo interrompido manualmente.
2024-11-24 13:31:28,684 - WARNING - Ciclo interrompido manualmente.
2024-11-24 13:31:28,688 - INFO - Ciclo interrompido antes da primeira ordem.
2024-11-24 13:31:28,689 - WARNING - Ciclo interrompido antes da primeira ordem.
2024-11-24 13:31:28,689 - INFO - Ciclo finalizado.
2024-11-24 13:31:28,690 - INFO - Ciclo finalizado.
