2024-11-26 13:47:46,713 - INFO - Conexão bem-sucedida!
2024-11-26 13:47:46,957 - INFO - Saldo atualizado: R$ 10046.15
2024-11-26 13:47:46,957 - INFO - Saldo atualizado: R$ 10046.15
2024-11-26 13:47:46,960 - INFO - Usuário conectado com sucesso.
2024-11-26 13:47:57,531 - INFO - Iniciando ciclo para o ativo EURUSD-op com payout 85.0% e direção inicial call.
2024-11-26 13:47:57,537 - INFO - Iniciando ciclo para o ativo EURUSD-op | Direção inicial: call | Payout: 85.0%
2024-11-26 13:47:57,537 - INFO - Iniciando ciclo para o ativo EURUSD-op.
2024-11-26 13:48:00,349 - INFO - Saldo atualizado: R$ 10046.15
2024-11-26 13:48:00,349 - INFO - Saldo atualizado: R$ 10046.15
2024-11-26 13:48:01,452 - INFO - Ordem 1 executada: put | Valor: R$ 2.35
2024-11-26 13:48:01,452 - INFO - Ordem 1 executada: put | Valor: R$ 2.35
2024-11-26 13:48:01,453 - INFO - Erro ao obter o preço de abertura da ordem.
2024-11-26 13:48:01,453 - ERROR - Erro ao obter o preço de abertura da ordem.
2024-11-26 13:49:00,524 - INFO - Saldo atualizado: R$ 10043.80
2024-11-26 13:49:00,524 - INFO - Saldo atualizado: R$ 10043.80
2024-11-26 13:49:01,504 - INFO - Ordem 2 executada: call | Valor: R$ 5.12
2024-11-26 13:49:01,505 - INFO - Ordem 2 executada: call | Valor: R$ 5.12
2024-11-26 13:49:01,505 - INFO - Erro ao obter o preço de abertura da ordem.
2024-11-26 13:49:01,505 - ERROR - Erro ao obter o preço de abertura da ordem.
2024-11-26 13:50:00,295 - INFO - Saldo atualizado: R$ 10038.68
2024-11-26 13:50:00,295 - INFO - Saldo atualizado: R$ 10038.68
2024-11-26 13:50:01,525 - INFO - Ordem 3 executada: put | Valor: R$ 11.14
2024-11-26 13:50:01,525 - INFO - Ordem 3 executada: put | Valor: R$ 11.14
2024-11-26 13:50:01,525 - INFO - Erro ao obter o preço de abertura da ordem.
2024-11-26 13:50:01,526 - ERROR - Erro ao obter o preço de abertura da ordem.
2024-11-26 13:51:00,285 - INFO - Saldo atualizado: R$ 10027.54
2024-11-26 13:51:00,286 - INFO - Saldo atualizado: R$ 10027.54
2024-11-26 13:51:01,296 - INFO - Ordem 4 executada: call | Valor: R$ 24.25
2024-11-26 13:51:01,296 - INFO - Ordem 4 executada: call | Valor: R$ 24.25
2024-11-26 13:51:01,297 - INFO - Erro ao obter o preço de abertura da ordem.
2024-11-26 13:51:01,297 - ERROR - Erro ao obter o preço de abertura da ordem.
2024-11-26 13:52:00,337 - INFO - Saldo atualizado: R$ 10003.29
2024-11-26 13:52:00,338 - INFO - Saldo atualizado: R$ 10003.29
2024-11-26 13:52:01,541 - INFO - Ordem 5 executada: call | Valor: R$ 52.78
2024-11-26 13:52:01,541 - INFO - Ordem 5 executada: call | Valor: R$ 52.78
2024-11-26 13:52:01,541 - INFO - Erro ao obter o preço de abertura da ordem.
2024-11-26 13:52:01,541 - ERROR - Erro ao obter o preço de abertura da ordem.
2024-11-26 13:52:56,438 - INFO - Ciclo interrompido manualmente.
2024-11-26 13:52:56,439 - WARNING - Ciclo interrompido manualmente.
2024-11-26 13:52:56,729 - INFO - Saldo atualizado: R$ 9950.51
2024-11-26 13:52:56,729 - INFO - Saldo atualizado: R$ 9950.51
2024-11-26 13:52:56,732 - INFO - Ciclo finalizado.
2024-11-26 13:52:56,733 - INFO - Ciclo finalizado.
